# JRE version: Java(TM) SE Runtime Environment (8.0_101-b13) (build 1.8.0_101-b13)
# Java VM: Java HotSpot(TM) 64-Bit Server VM (25.101-b13 mixed mode bsd-amd64 compressed oops)
Heap:
 PSYoungGen      total 154624K, used 64473K [0x00000007aab00000, 0x00000007b7000000, 0x00000007c0000000)
  eden space 145920K, 38% used [0x00000007aab00000,0x00000007ae17c400,0x00000007b3980000)
  from space 8704K, 99% used [0x00000007b3980000,0x00000007b41fa2e0,0x00000007b4200000)
  to   space 10752K, 0% used [0x00000007b6580000,0x00000007b6580000,0x00000007b7000000)
 ParOldGen       total 67072K, used 27608K [0x0000000780000000, 0x0000000784180000, 0x00000007aab00000)
  object space 67072K, 41% used [0x0000000780000000,0x0000000781af6030,0x0000000784180000)
 Metaspace       used 44046K, capacity 44570K, committed 44928K, reserved 1089536K
  class space    used 5605K, capacity 5744K, committed 5760K, reserved 1048576K
GC Heap History (10 events):
Event: 8.623 GC heap before
{Heap before GC invocations=13 (full 1):
 PSYoungGen      total 105984K, used 105116K [0x00000007aab00000, 0x00000007b2400000, 0x00000007c0000000)
  eden space 100864K, 100% used [0x00000007aab00000,0x00000007b0d80000,0x00000007b0d80000)
  from space 5120K, 83% used [0x00000007b0d80000,0x00000007b11a7050,0x00000007b1280000)
  to   space 5120K, 0% used [0x00000007b1f00000,0x00000007b1f00000,0x00000007b2400000)
 ParOldGen       total 31744K, used 8349K [0x0000000780000000, 0x0000000781f00000, 0x00000007aab00000)
  object space 31744K, 26% used [0x0000000780000000,0x0000000780827690,0x0000000781f00000)
 Metaspace       used 28954K, capacity 29248K, committed 29568K, reserved 1075200K
  class space    used 3583K, capacity 3669K, committed 3712K, reserved 1048576K
Event: 8.644 GC heap after
Heap after GC invocations=13 (full 1):
 PSYoungGen      total 115712K, used 5118K [0x00000007aab00000, 0x00000007b3d80000, 0x00000007c0000000)
  eden space 110592K, 0% used [0x00000007aab00000,0x00000007aab00000,0x00000007b1700000)
  from space 5120K, 99% used [0x00000007b1f00000,0x00000007b23ff920,0x00000007b2400000)
  to   space 8192K, 0% used [0x00000007b1700000,0x00000007b1700000,0x00000007b1f00000)
 ParOldGen       total 31744K, used 14702K [0x0000000780000000, 0x0000000781f00000, 0x00000007aab00000)
  object space 31744K, 46% used [0x0000000780000000,0x0000000780e5bb98,0x0000000781f00000)
 Metaspace       used 28954K, capacity 29248K, committed 29568K, reserved 1075200K
  class space    used 3583K, capacity 3669K, committed 3712K, reserved 1048576K
}
Event: 9.724 GC heap before
{Heap before GC invocations=14 (full 1):
 PSYoungGen      total 115712K, used 115710K [0x00000007aab00000, 0x00000007b3d80000, 0x00000007c0000000)
  eden space 110592K, 100% used [0x00000007aab00000,0x00000007b1700000,0x00000007b1700000)
  from space 5120K, 99% used [0x00000007b1f00000,0x00000007b23ff920,0x00000007b2400000)
  to   space 8192K, 0% used [0x00000007b1700000,0x00000007b1700000,0x00000007b1f00000)
 ParOldGen       total 31744K, used 14702K [0x0000000780000000, 0x0000000781f00000, 0x00000007aab00000)
  object space 31744K, 46% used [0x0000000780000000,0x0000000780e5bb98,0x0000000781f00000)
 Metaspace       used 31333K, capacity 31606K, committed 32000K, reserved 1077248K
  class space    used 3884K, capacity 3998K, committed 4096K, reserved 1048576K
Event: 9.741 GC heap after
Heap after GC invocations=14 (full 1):
 PSYoungGen      total 118784K, used 5986K [0x00000007aab00000, 0x00000007b4a00000, 0x00000007c0000000)
  eden space 110592K, 0% used [0x00000007aab00000,0x00000007aab00000,0x00000007b1700000)
  from space 8192K, 73% used [0x00000007b1700000,0x00000007b1cd89d0,0x00000007b1f00000)
  to   space 8192K, 0% used [0x00000007b4200000,0x00000007b4200000,0x00000007b4a00000)
 ParOldGen       total 31744K, used 19765K [0x0000000780000000, 0x0000000781f00000, 0x00000007aab00000)
  object space 31744K, 62% used [0x0000000780000000,0x000000078134d518,0x0000000781f00000)
 Metaspace       used 31333K, capacity 31606K, committed 32000K, reserved 1077248K
  class space    used 3884K, capacity 3998K, committed 4096K, reserved 1048576K
}
Event: 11.281 GC heap before
{Heap before GC invocations=15 (full 1):
 PSYoungGen      total 118784K, used 111498K [0x00000007aab00000, 0x00000007b4a00000, 0x00000007c0000000)
  eden space 110592K, 95% used [0x00000007aab00000,0x00000007b120a160,0x00000007b1700000)
  from space 8192K, 73% used [0x00000007b1700000,0x00000007b1cd89d0,0x00000007b1f00000)
  to   space 8192K, 0% used [0x00000007b4200000,0x00000007b4200000,0x00000007b4a00000)
 ParOldGen       total 31744K, used 19765K [0x0000000780000000, 0x0000000781f00000, 0x00000007aab00000)
  object space 31744K, 62% used [0x0000000780000000,0x000000078134d518,0x0000000781f00000)
 Metaspace       used 34895K, capacity 35252K, committed 35456K, reserved 1081344K
  class space    used 4330K, capacity 4434K, committed 4480K, reserved 1048576K
Event: 11.307 GC heap after
Heap after GC invocations=15 (full 1):
 PSYoungGen      total 154112K, used 6857K [0x00000007aab00000, 0x00000007b4b80000, 0x00000007c0000000)
  eden space 145920K, 0% used [0x00000007aab00000,0x00000007aab00000,0x00000007b3980000)
  from space 8192K, 83% used [0x00000007b4200000,0x00000007b48b2520,0x00000007b4a00000)
  to   space 8704K, 0% used [0x00000007b3980000,0x00000007b3980000,0x00000007b4200000)
 ParOldGen       total 31744K, used 23677K [0x0000000780000000, 0x0000000781f00000, 0x00000007aab00000)
  object space 31744K, 74% used [0x0000000780000000,0x000000078171f518,0x0000000781f00000)
 Metaspace       used 34895K, capacity 35252K, committed 35456K, reserved 1081344K
  class space    used 4330K, capacity 4434K, committed 4480K, reserved 1048576K
}
Event: 11.307 GC heap before
{Heap before GC invocations=16 (full 2):
 PSYoungGen      total 154112K, used 6857K [0x00000007aab00000, 0x00000007b4b80000, 0x00000007c0000000)
  eden space 145920K, 0% used [0x00000007aab00000,0x00000007aab00000,0x00000007b3980000)
  from space 8192K, 83% used [0x00000007b4200000,0x00000007b48b2520,0x00000007b4a00000)
  to   space 8704K, 0% used [0x00000007b3980000,0x00000007b3980000,0x00000007b4200000)
 ParOldGen       total 31744K, used 23677K [0x0000000780000000, 0x0000000781f00000, 0x00000007aab00000)
  object space 31744K, 74% used [0x0000000780000000,0x000000078171f518,0x0000000781f00000)
 Metaspace       used 34895K, capacity 35252K, committed 35456K, reserved 1081344K
  class space    used 4330K, capacity 4434K, committed 4480K, reserved 1048576K
Event: 11.468 GC heap after
Heap after GC invocations=16 (full 2):
 PSYoungGen      total 154112K, used 0K [0x00000007aab00000, 0x00000007b4b80000, 0x00000007c0000000)
  eden space 145920K, 0% used [0x00000007aab00000,0x00000007aab00000,0x00000007b3980000)
  from space 8192K, 0% used [0x00000007b4200000,0x00000007b4200000,0x00000007b4a00000)
  to   space 8704K, 0% used [0x00000007b3980000,0x00000007b3980000,0x00000007b4200000)
 ParOldGen       total 67072K, used 25229K [0x0000000780000000, 0x0000000784180000, 0x00000007aab00000)
  object space 67072K, 37% used [0x0000000780000000,0x00000007818a3768,0x0000000784180000)
 Metaspace       used 34895K, capacity 35252K, committed 35456K, reserved 1081344K
  class space    used 4330K, capacity 4434K, committed 4480K, reserved 1048576K
}
Event: 33.583 GC heap before
{Heap before GC invocations=17 (full 2):
 PSYoungGen      total 154112K, used 145920K [0x00000007aab00000, 0x00000007b4b80000, 0x00000007c0000000)
  eden space 145920K, 100% used [0x00000007aab00000,0x00000007b3980000,0x00000007b3980000)
  from space 8192K, 0% used [0x00000007b4200000,0x00000007b4200000,0x00000007b4a00000)
  to   space 8704K, 0% used [0x00000007b3980000,0x00000007b3980000,0x00000007b4200000)
 ParOldGen       total 67072K, used 25229K [0x0000000780000000, 0x0000000784180000, 0x00000007aab00000)
  object space 67072K, 37% used [0x0000000780000000,0x00000007818a3768,0x0000000784180000)
 Metaspace       used 43393K, capacity 43820K, committed 44416K, reserved 1087488K
  class space    used 5541K, capacity 5634K, committed 5760K, reserved 1048576K
Event: 33.623 GC heap after
Heap after GC invocations=17 (full 2):
 PSYoungGen      total 154624K, used 8680K [0x00000007aab00000, 0x00000007b7000000, 0x00000007c0000000)
  eden space 145920K, 0% used [0x00000007aab00000,0x00000007aab00000,0x00000007b3980000)
  from space 8704K, 99% used [0x00000007b3980000,0x00000007b41fa2e0,0x00000007b4200000)
  to   space 10752K, 0% used [0x00000007b6580000,0x00000007b6580000,0x00000007b7000000)
 ParOldGen       total 67072K, used 27608K [0x0000000780000000, 0x0000000784180000, 0x00000007aab00000)
  object space 67072K, 41% used [0x0000000780000000,0x0000000781af6030,0x0000000784180000)
 Metaspace       used 43393K, capacity 43820K, committed 44416K, reserved 1087488K
  class space    used 5541K, capacity 5634K, committed 5760K, reserved 1048576K
}

